<?xml version="1.0" encoding="UTF-8"?>
<testng-results ignored="0" total="1" passed="1" failed="0" skipped="0">
  <reporter-output>
  </reporter-output>
  <suite started-at="2024-01-25T17:23:31 IST" name="Default suite" finished-at="2024-01-25T17:23:41 IST" duration-ms="9883">
    <groups>
    </groups>
    <test started-at="2024-01-25T17:23:31 IST" name="Default test" finished-at="2024-01-25T17:23:41 IST" duration-ms="9883">
      <class name="com.framework.test.LoginPageTest">
        <test-method signature="test1()[pri:0, instance:com.framework.test.LoginPageTest@169e6180]" started-at="2024-01-25T17:23:31 IST" name="test1" finished-at="2024-01-25T17:23:41 IST" duration-ms="9820" status="PASS">
          <reporter-output>
          </reporter-output>
        </test-method> <!-- test1 -->
      </class> <!-- com.framework.test.LoginPageTest -->
    </test> <!-- Default test -->
  </suite> <!-- Default suite -->
</testng-results>
