<?xml version="1.0" encoding="UTF-8"?>
<testng-results ignored="0" total="1" passed="1" failed="0" skipped="0">
  <reporter-output>
  </reporter-output>
  <suite started-at="2024-12-09T20:56:52Z" name="Data Driven Basics" finished-at="2024-12-09T20:56:53Z" duration-ms="1436">
    <groups>
    </groups>
    <test started-at="2024-12-09T20:56:52Z" name="LoginTest" finished-at="2024-12-09T20:56:53Z" duration-ms="1436">
      <class name="com.ey.testcases.LoginTest">
        <test-method is-config="true" signature="setUp()[pri:0, instance:com.ey.testcases.LoginTest@14fc1f0]" started-at="2024-12-09T20:56:48Z" name="setUp" finished-at="2024-12-09T20:56:52Z" duration-ms="3543" status="PASS">
          <reporter-output>
          </reporter-output>
        </test-method> <!-- setUp -->
        <test-method is-config="true" signature="setUp()[pri:0, instance:com.ey.testcases.LoginTest@14fc1f0]" started-at="2024-12-09T20:56:52Z" name="setUp" finished-at="2024-12-09T20:56:52Z" duration-ms="43" status="PASS">
          <reporter-output>
          </reporter-output>
        </test-method> <!-- setUp -->
        <test-method signature="loginAsBankManager()[pri:0, instance:com.ey.testcases.LoginTest@14fc1f0]" started-at="2024-12-09T20:56:52Z" name="loginAsBankManager" finished-at="2024-12-09T20:56:53Z" duration-ms="1364" status="PASS">
          <reporter-output>
          </reporter-output>
        </test-method> <!-- loginAsBankManager -->
        <test-method is-config="true" signature="tearDown()[pri:0, instance:com.ey.testcases.LoginTest@14fc1f0]" started-at="2024-12-09T20:56:59Z" name="tearDown" finished-at="2024-12-09T20:56:59Z" duration-ms="221" status="PASS">
          <reporter-output>
          </reporter-output>
        </test-method> <!-- tearDown -->
      </class> <!-- com.ey.testcases.LoginTest -->
    </test> <!-- LoginTest -->
  </suite> <!-- Data Driven Basics -->
</testng-results>
